<?xml version="1.0" encoding="UTF-8"?>
<!-- Generated by org.testng.reporters.JUnitReportReporter -->
<testsuite hostname="DESKTOP-A2P4MIF" failures="0" tests="1" name="Testcases.Checkboxtest" time="0.222" errors="0" timestamp="2025-09-05T23:05:04 IST" skipped="0">
  <testcase classname="Testcases.Checkboxtest" name="checkboxtest" time="0.222"/>
</testsuite> <!-- Testcases.Checkboxtest -->
